#
# A fatal error has been detected by the Java Runtime Environment:
#
#  SIGBUS (0xa) at pc=0x00000001041d6e92, pid=21100, tid=0x000000000000a20f
#
# JRE version: Java(TM) SE Runtime Environment (8.0_221-b11) (build 1.8.0_221-b11)
# Java VM: Java HotSpot(TM) 64-Bit Server VM (25.221-b11 mixed mode bsd-amd64 compressed oops)
# Problematic frame:
# C  [libzip.dylib+0x2e92]  newEntry+0x154
#
# Failed to write core dump. Core dumps have been disabled. To enable core dumping, try "ulimit -c unlimited" before starting Java again
#
# If you would like to submit a bug report, please visit:
#   http://bugreport.java.com/bugreport/crash.jsp
# The crash happened outside the Java Virtual Machine in native code.
# See problematic frame for where to report the bug.
#

---------------  T H R E A D  ---------------

Current thread (0x00007fc3ac890800):  JavaThread "restartedMain" [_thread_in_native, id=41487, stack(0x0000700010544000,0x0000700010644000)]

siginfo: si_signo: 10 (SIGBUS), si_code: 2 (BUS_ADRERR), si_addr: 0x000000010a30231c

Registers:
RAX=0x00007fc3a6b01380, RBX=0x000000010a302310, RCX=0x0000000000000000, RDX=0x0000000000400000
RSP=0x0000700010640fc0, RBP=0x0000700010641020, RSI=0x000000003abd5836, RDI=0x0000000000000583
R8 =0x000000003abd5832, R9 =0x00000000ffc3ffff, R10=0x00007fc3abd00000, R11=0x0000000000000002
R12=0x00007fc3a8819e00, R13=0x00000000000029a0, R14=0x000000007e803491, R15=0x00007fc3a6a33f70
RIP=0x00000001041d6e92, EFLAGS=0x0000000000010202, ERR=0x0000000000000004
  TRAPNO=0x000000000000000e

Top of Stack: (sp=0x0000700010640fc0)
0x0000700010640fc0:   0000001600000000 00000000a68c1768
0x0000700010640fd0:   00007fc3ac8909f8 0000700010641230
0x0000700010640fe0:   0000700010641000 00007fc3a6b01380
0x0000700010640ff0:   00007fc3abd58310 00007fc3a6b01380
0x0000700010641000:   00007fc3a8819e00 00000000000029a0
0x0000700010641010:   000000007e803491 00007fc3a6a33f70
0x0000700010641020:   0000700010641080 00000001041d752d
0x0000700010641030:   00007000106410b5 00007000106410b4
0x0000700010641040:   0000001500000000 0000001601890800
0x0000700010641050:   000070001064109e 00007000106414e8
0x0000700010641060:   0000000000000016 000070001064109e
0x0000700010641070:   00007fc3a6b01380 00007fc3ac8909f8
0x0000700010641080:   00007000106414d0 00000001041d6238
0x0000700010641090:   0000000000000000 7061000100000001
0x00007000106410a0:   6f69746163696c70 7265706f72702e6e
0x00007000106410b0:   0000000073656974 00007fc3ac890800
0x00007000106410c0:   0000000107b643d8 00007fc3ac890800
0x00007000106410d0:   0000000107b643d8 00007fc3ac890800
0x00007000106410e0:   0000000107b643d8 0000000107b643d8
0x00007000106410f0:   0000000107b643d8 00007fc3a4e06420
0x0000700010641100:   00007fc3ac890800 00007000106411f0
0x0000700010641110:   00007fc3a6d87b38 00007fc3a6d87b30
0x0000700010641120:   00007000106412b0 000000010551815f
0x0000700010641130:   00007fc3ac890800 0000700010641218
0x0000700010641140:   00007fc3a6d87b38 00007fc3a6d87b30
0x0000700010641150:   0000000107bea790 00007fc3a4c136f8
0x0000700010641160:   0000000105a39840 0000000000000059
0x0000700010641170:   0000000000000000 0000000107bea790
0x0000700010641180:   00007fc3a6d87b38 00000001052a266a
0x0000700010641190:   0000000107bea790 f690000070001004
0x00007000106411a0:   000070001064ffff 0000000107bea790
0x00007000106411b0:   00007000106412a0 0000000105707ef2 

Instructions: (pc=0x00000001041d6e92)
0x00000001041d6e72:   49 8b 7f 38 e8 5b 1b 00 00 4d 89 77 38 49 89 5f
0x00000001041d6e82:   40 4c 89 f0 48 85 c0 0f 84 11 05 00 00 48 89 c3
0x00000001041d6e92:   0f b6 43 0c 0f b6 4b 0d 48 c1 e1 08 48 01 c1 0f
0x00000001041d6ea2:   b6 43 0e 0f b6 53 0f 48 c1 e2 08 48 01 c2 48 c1 

Register to memory mapping:

RAX=0x00007fc3a6b01380 is an unknown value
RBX=0x000000010a302310 is an unknown value
RCX=0x0000000000000000 is an unknown value
RDX=0x0000000000400000 is an unknown value
RSP=0x0000700010640fc0 is pointing into the stack for thread: 0x00007fc3ac890800
RBP=0x0000700010641020 is pointing into the stack for thread: 0x00007fc3ac890800
RSI=0x000000003abd5836 is an unknown value
RDI=0x0000000000000583 is an unknown value
R8 =0x000000003abd5832 is an unknown value
R9 =0x00000000ffc3ffff is an unknown value
R10=0x00007fc3abd00000 is an unknown value
R11=0x0000000000000002 is an unknown value
R12=0x00007fc3a8819e00 is an unknown value
R13=0x00000000000029a0 is an unknown value
R14=0x000000007e803491 is an unknown value
R15=0x00007fc3a6a33f70 is an unknown value


Stack: [0x0000700010544000,0x0000700010644000],  sp=0x0000700010640fc0,  free space=1011k
Native frames: (J=compiled Java code, j=interpreted, Vv=VM code, C=native code)
C  [libzip.dylib+0x2e92]  newEntry+0x154
C  [libzip.dylib+0x352d]  ZIP_GetEntry2+0xd4
C  [libzip.dylib+0x2238]  Java_java_util_zip_ZipFile_getEntry+0xcf
J 113  java.util.zip.ZipFile.getEntry(J[BZ)J (0 bytes) @ 0x000000010c4cbd4e [0x000000010c4cbc80+0xce]
J 6970 C2 java.util.jar.JarFile.getEntry(Ljava/lang/String;)Ljava/util/zip/ZipEntry; (22 bytes) @ 0x000000010d889aa4 [0x000000010d889740+0x364]
J 553 C2 sun.misc.URLClassPath$JarLoader.findResource(Ljava/lang/String;Z)Ljava/net/URL; (18 bytes) @ 0x000000010c60f4e4 [0x000000010c60f460+0x84]
J 4511 C1 sun.misc.URLClassPath.findResource(Ljava/lang/String;Z)Ljava/net/URL; (47 bytes) @ 0x000000010c5dbb9c [0x000000010c5dba40+0x15c]
J 1451 C1 java.net.URLClassLoader$2.run()Ljava/lang/Object; (5 bytes) @ 0x000000010c7ff6d4 [0x000000010c7ff5c0+0x114]
v  ~StubRoutines::call_stub
V  [libjvm.dylib+0x2f0d1e]
V  [libjvm.dylib+0x35160e]
J 592  java.security.AccessController.doPrivileged(Ljava/security/PrivilegedAction;Ljava/security/AccessControlContext;)Ljava/lang/Object; (0 bytes) @ 0x000000010c619e15 [0x000000010c619d40+0xd5]
J 1449 C1 java.net.URLClassLoader.findResource(Ljava/lang/String;)Ljava/net/URL; (37 bytes) @ 0x000000010c7feed4 [0x000000010c7fed40+0x194]
J 1427 C1 java.lang.ClassLoader.getResource(Ljava/lang/String;)Ljava/net/URL; (36 bytes) @ 0x000000010c7f7564 [0x000000010c7f70a0+0x4c4]
J 2458 C1 org.springframework.boot.devtools.restart.classloader.RestartClassLoader.getResource(Ljava/lang/String;)Ljava/net/URL; (48 bytes) @ 0x000000010cbb59dc [0x000000010cbb4f20+0xabc]
j  org.springframework.core.io.ClassPathResource.resolveURL()Ljava/net/URL;+34
j  org.springframework.core.io.ClassPathResource.exists()Z+1
j  org.springframework.boot.context.config.ConfigFileApplicationListener$Loader.load(Lorg/springframework/boot/env/PropertySourceLoader;Ljava/lang/String;Lorg/springframework/boot/context/config/ConfigFileApplicationListener$Profile;Lorg/springframework/boot/context/config/ConfigFileApplicationListener$DocumentFilter;Lorg/springframework/boot/context/config/ConfigFileApplicationListener$DocumentConsumer;)V+19
j  org.springframework.boot.context.config.ConfigFileApplicationListener$Loader.loadForFileExtension(Lorg/springframework/boot/env/PropertySourceLoader;Ljava/lang/String;Ljava/lang/String;Lorg/springframework/boot/context/config/ConfigFileApplicationListener$Profile;Lorg/springframework/boot/context/config/ConfigFileApplicationListener$DocumentFilterFactory;Lorg/springframework/boot/context/config/ConfigFileApplicationListener$DocumentConsumer;)V+192
j  org.springframework.boot.context.config.ConfigFileApplicationListener$Loader.load(Ljava/lang/String;Ljava/lang/String;Lorg/springframework/boot/context/config/ConfigFileApplicationListener$Profile;Lorg/springframework/boot/context/config/ConfigFileApplicationListener$DocumentFilterFactory;Lorg/springframework/boot/context/config/ConfigFileApplicationListener$DocumentConsumer;)V+203
j  org.springframework.boot.context.config.ConfigFileApplicationListener$Loader.lambda$null$6(Ljava/lang/String;Lorg/springframework/boot/context/config/ConfigFileApplicationListener$Profile;Lorg/springframework/boot/context/config/ConfigFileApplicationListener$DocumentFilterFactory;Lorg/springframework/boot/context/config/ConfigFileApplicationListener$DocumentConsumer;Ljava/lang/String;)V+8
j  org.springframework.boot.context.config.ConfigFileApplicationListener$Loader$$Lambda$44.accept(Ljava/lang/Object;)V+24
j  java.lang.Iterable.forEach(Ljava/util/function/Consumer;)V+30
j  org.springframework.boot.context.config.ConfigFileApplicationListener$Loader.lambda$load$7(Lorg/springframework/boot/context/config/ConfigFileApplicationListener$Profile;Lorg/springframework/boot/context/config/ConfigFileApplicationListener$DocumentFilterFactory;Lorg/springframework/boot/context/config/ConfigFileApplicationListener$DocumentConsumer;Ljava/lang/String;)V+39
j  org.springframework.boot.context.config.ConfigFileApplicationListener$Loader$$Lambda$43.accept(Ljava/lang/Object;)V+20
j  java.lang.Iterable.forEach(Ljava/util/function/Consumer;)V+30
j  org.springframework.boot.context.config.ConfigFileApplicationListener$Loader.load(Lorg/springframework/boot/context/config/ConfigFileApplicationListener$Profile;Lorg/springframework/boot/context/config/ConfigFileApplicationListener$DocumentFilterFactory;Lorg/springframework/boot/context/config/ConfigFileApplicationListener$DocumentConsumer;)V+13
j  org.springframework.boot.context.config.ConfigFileApplicationListener$Loader.load()V+104
j  org.springframework.boot.context.config.ConfigFileApplicationListener.addPropertySources(Lorg/springframework/core/env/ConfigurableEnvironment;Lorg/springframework/core/io/ResourceLoader;)V+14
j  org.springframework.boot.context.config.ConfigFileApplicationListener.postProcessEnvironment(Lorg/springframework/core/env/ConfigurableEnvironment;Lorg/springframework/boot/SpringApplication;)V+6
j  org.springframework.boot.context.config.ConfigFileApplicationListener.onApplicationEnvironmentPreparedEvent(Lorg/springframework/boot/context/event/ApplicationEnvironmentPreparedEvent;)V+54
j  org.springframework.boot.context.config.ConfigFileApplicationListener.onApplicationEvent(Lorg/springframework/context/ApplicationEvent;)V+12
j  org.springframework.context.event.SimpleApplicationEventMulticaster.doInvokeListener(Lorg/springframework/context/ApplicationListener;Lorg/springframework/context/ApplicationEvent;)V+2
j  org.springframework.context.event.SimpleApplicationEventMulticaster.invokeListener(Lorg/springframework/context/ApplicationListener;Lorg/springframework/context/ApplicationEvent;)V+34
j  org.springframework.context.event.SimpleApplicationEventMulticaster.multicastEvent(Lorg/springframework/context/ApplicationEvent;Lorg/springframework/core/ResolvableType;)V+83
j  org.springframework.context.event.SimpleApplicationEventMulticaster.multicastEvent(Lorg/springframework/context/ApplicationEvent;)V+7
j  org.springframework.boot.context.event.EventPublishingRunListener.environmentPrepared(Lorg/springframework/core/env/ConfigurableEnvironment;)V+20
j  org.springframework.boot.SpringApplicationRunListeners.environmentPrepared(Lorg/springframework/core/env/ConfigurableEnvironment;)V+31
j  org.springframework.boot.SpringApplication.prepareEnvironment(Lorg/springframework/boot/SpringApplicationRunListeners;Lorg/springframework/boot/ApplicationArguments;)Lorg/springframework/core/env/ConfigurableEnvironment;+22
j  org.springframework.boot.SpringApplication.run([Ljava/lang/String;)Lorg/springframework/context/ConfigurableApplicationContext;+54
j  org.springframework.boot.SpringApplication.run([Ljava/lang/Class;[Ljava/lang/String;)Lorg/springframework/context/ConfigurableApplicationContext;+9
j  org.springframework.boot.SpringApplication.run(Ljava/lang/Class;[Ljava/lang/String;)Lorg/springframework/context/ConfigurableApplicationContext;+9
j  kr.onekey.dp.DpModuleApiApplication.main([Ljava/lang/String;)V+3
v  ~StubRoutines::call_stub
V  [libjvm.dylib+0x2f0d1e]
V  [libjvm.dylib+0x4d7790]
V  [libjvm.dylib+0x4d7cc4]
V  [libjvm.dylib+0x34926c]
J 1806  sun.reflect.NativeMethodAccessorImpl.invoke0(Ljava/lang/reflect/Method;Ljava/lang/Object;[Ljava/lang/Object;)Ljava/lang/Object; (0 bytes) @ 0x000000010c8f87ed [0x000000010c8f8700+0xed]
J 1807 C1 sun.reflect.NativeMethodAccessorImpl.invoke(Ljava/lang/Object;[Ljava/lang/Object;)Ljava/lang/Object; (104 bytes) @ 0x000000010c8fb594 [0x000000010c8fa3c0+0x11d4]
J 8274 C2 sun.reflect.DelegatingMethodAccessorImpl.invoke(Ljava/lang/Object;[Ljava/lang/Object;)Ljava/lang/Object; (10 bytes) @ 0x000000010c706ce8 [0x000000010c706ca0+0x48]
J 6052 C1 java.lang.reflect.Method.invoke(Ljava/lang/Object;[Ljava/lang/Object;)Ljava/lang/Object; (62 bytes) @ 0x000000010d5a3b1c [0x000000010d5a3720+0x3fc]
j  org.springframework.boot.devtools.restart.RestartLauncher.run()V+41
v  ~StubRoutines::call_stub
V  [libjvm.dylib+0x2f0d1e]
V  [libjvm.dylib+0x2f14c2]
V  [libjvm.dylib+0x2f166e]
V  [libjvm.dylib+0x34bf5d]
V  [libjvm.dylib+0x570b93]
V  [libjvm.dylib+0x57228e]
V  [libjvm.dylib+0x48f30a]
C  [libsystem_pthread.dylib+0x32eb]  _pthread_body+0x7e
C  [libsystem_pthread.dylib+0x6249]  _pthread_start+0x42
C  [libsystem_pthread.dylib+0x240d]  thread_start+0xd
C  0x0000000000000000

Java frames: (J=compiled Java code, j=interpreted, Vv=VM code)
J 113  java.util.zip.ZipFile.getEntry(J[BZ)J (0 bytes) @ 0x000000010c4cbcd8 [0x000000010c4cbc80+0x58]
J 6970 C2 java.util.jar.JarFile.getEntry(Ljava/lang/String;)Ljava/util/zip/ZipEntry; (22 bytes) @ 0x000000010d889aa4 [0x000000010d889740+0x364]
J 553 C2 sun.misc.URLClassPath$JarLoader.findResource(Ljava/lang/String;Z)Ljava/net/URL; (18 bytes) @ 0x000000010c60f4e4 [0x000000010c60f460+0x84]
J 4511 C1 sun.misc.URLClassPath.findResource(Ljava/lang/String;Z)Ljava/net/URL; (47 bytes) @ 0x000000010c5dbb9c [0x000000010c5dba40+0x15c]
J 1451 C1 java.net.URLClassLoader$2.run()Ljava/lang/Object; (5 bytes) @ 0x000000010c7ff6d4 [0x000000010c7ff5c0+0x114]
v  ~StubRoutines::call_stub
J 592  java.security.AccessController.doPrivileged(Ljava/security/PrivilegedAction;Ljava/security/AccessControlContext;)Ljava/lang/Object; (0 bytes) @ 0x000000010c619da3 [0x000000010c619d40+0x63]
J 1449 C1 java.net.URLClassLoader.findResource(Ljava/lang/String;)Ljava/net/URL; (37 bytes) @ 0x000000010c7feed4 [0x000000010c7fed40+0x194]
J 1427 C1 java.lang.ClassLoader.getResource(Ljava/lang/String;)Ljava/net/URL; (36 bytes) @ 0x000000010c7f7564 [0x000000010c7f70a0+0x4c4]
J 2458 C1 org.springframework.boot.devtools.restart.classloader.RestartClassLoader.getResource(Ljava/lang/String;)Ljava/net/URL; (48 bytes) @ 0x000000010cbb59dc [0x000000010cbb4f20+0xabc]
j  org.springframework.core.io.ClassPathResource.resolveURL()Ljava/net/URL;+34
j  org.springframework.core.io.ClassPathResource.exists()Z+1
j  org.springframework.boot.context.config.ConfigFileApplicationListener$Loader.load(Lorg/springframework/boot/env/PropertySourceLoader;Ljava/lang/String;Lorg/springframework/boot/context/config/ConfigFileApplicationListener$Profile;Lorg/springframework/boot/context/config/ConfigFileApplicationListener$DocumentFilter;Lorg/springframework/boot/context/config/ConfigFileApplicationListener$DocumentConsumer;)V+19
j  org.springframework.boot.context.config.ConfigFileApplicationListener$Loader.loadForFileExtension(Lorg/springframework/boot/env/PropertySourceLoader;Ljava/lang/String;Ljava/lang/String;Lorg/springframework/boot/context/config/ConfigFileApplicationListener$Profile;Lorg/springframework/boot/context/config/ConfigFileApplicationListener$DocumentFilterFactory;Lorg/springframework/boot/context/config/ConfigFileApplicationListener$DocumentConsumer;)V+192
j  org.springframework.boot.context.config.ConfigFileApplicationListener$Loader.load(Ljava/lang/String;Ljava/lang/String;Lorg/springframework/boot/context/config/ConfigFileApplicationListener$Profile;Lorg/springframework/boot/context/config/ConfigFileApplicationListener$DocumentFilterFactory;Lorg/springframework/boot/context/config/ConfigFileApplicationListener$DocumentConsumer;)V+203
j  org.springframework.boot.context.config.ConfigFileApplicationListener$Loader.lambda$null$6(Ljava/lang/String;Lorg/springframework/boot/context/config/ConfigFileApplicationListener$Profile;Lorg/springframework/boot/context/config/ConfigFileApplicationListener$DocumentFilterFactory;Lorg/springframework/boot/context/config/ConfigFileApplicationListener$DocumentConsumer;Ljava/lang/String;)V+8
j  org.springframework.boot.context.config.ConfigFileApplicationListener$Loader$$Lambda$44.accept(Ljava/lang/Object;)V+24
j  java.lang.Iterable.forEach(Ljava/util/function/Consumer;)V+30
j  org.springframework.boot.context.config.ConfigFileApplicationListener$Loader.lambda$load$7(Lorg/springframework/boot/context/config/ConfigFileApplicationListener$Profile;Lorg/springframework/boot/context/config/ConfigFileApplicationListener$DocumentFilterFactory;Lorg/springframework/boot/context/config/ConfigFileApplicationListener$DocumentConsumer;Ljava/lang/String;)V+39
j  org.springframework.boot.context.config.ConfigFileApplicationListener$Loader$$Lambda$43.accept(Ljava/lang/Object;)V+20
j  java.lang.Iterable.forEach(Ljava/util/function/Consumer;)V+30
j  org.springframework.boot.context.config.ConfigFileApplicationListener$Loader.load(Lorg/springframework/boot/context/config/ConfigFileApplicationListener$Profile;Lorg/springframework/boot/context/config/ConfigFileApplicationListener$DocumentFilterFactory;Lorg/springframework/boot/context/config/ConfigFileApplicationListener$DocumentConsumer;)V+13
j  org.springframework.boot.context.config.ConfigFileApplicationListener$Loader.load()V+104
j  org.springframework.boot.context.config.ConfigFileApplicationListener.addPropertySources(Lorg/springframework/core/env/ConfigurableEnvironment;Lorg/springframework/core/io/ResourceLoader;)V+14
j  org.springframework.boot.context.config.ConfigFileApplicationListener.postProcessEnvironment(Lorg/springframework/core/env/ConfigurableEnvironment;Lorg/springframework/boot/SpringApplication;)V+6
j  org.springframework.boot.context.config.ConfigFileApplicationListener.onApplicationEnvironmentPreparedEvent(Lorg/springframework/boot/context/event/ApplicationEnvironmentPreparedEvent;)V+54
j  org.springframework.boot.context.config.ConfigFileApplicationListener.onApplicationEvent(Lorg/springframework/context/ApplicationEvent;)V+12
j  org.springframework.context.event.SimpleApplicationEventMulticaster.doInvokeListener(Lorg/springframework/context/ApplicationListener;Lorg/springframework/context/ApplicationEvent;)V+2
j  org.springframework.context.event.SimpleApplicationEventMulticaster.invokeListener(Lorg/springframework/context/ApplicationListener;Lorg/springframework/context/ApplicationEvent;)V+34
j  org.springframework.context.event.SimpleApplicationEventMulticaster.multicastEvent(Lorg/springframework/context/ApplicationEvent;Lorg/springframework/core/ResolvableType;)V+83
j  org.springframework.context.event.SimpleApplicationEventMulticaster.multicastEvent(Lorg/springframework/context/ApplicationEvent;)V+7
j  org.springframework.boot.context.event.EventPublishingRunListener.environmentPrepared(Lorg/springframework/core/env/ConfigurableEnvironment;)V+20
j  org.springframework.boot.SpringApplicationRunListeners.environmentPrepared(Lorg/springframework/core/env/ConfigurableEnvironment;)V+31
j  org.springframework.boot.SpringApplication.prepareEnvironment(Lorg/springframework/boot/SpringApplicationRunListeners;Lorg/springframework/boot/ApplicationArguments;)Lorg/springframework/core/env/ConfigurableEnvironment;+22
j  org.springframework.boot.SpringApplication.run([Ljava/lang/String;)Lorg/springframework/context/ConfigurableApplicationContext;+54
j  org.springframework.boot.SpringApplication.run([Ljava/lang/Class;[Ljava/lang/String;)Lorg/springframework/context/ConfigurableApplicationContext;+9
j  org.springframework.boot.SpringApplication.run(Ljava/lang/Class;[Ljava/lang/String;)Lorg/springframework/context/ConfigurableApplicationContext;+9
j  kr.onekey.dp.DpModuleApiApplication.main([Ljava/lang/String;)V+3
v  ~StubRoutines::call_stub
J 1806  sun.reflect.NativeMethodAccessorImpl.invoke0(Ljava/lang/reflect/Method;Ljava/lang/Object;[Ljava/lang/Object;)Ljava/lang/Object; (0 bytes) @ 0x000000010c8f8777 [0x000000010c8f8700+0x77]
J 1807 C1 sun.reflect.NativeMethodAccessorImpl.invoke(Ljava/lang/Object;[Ljava/lang/Object;)Ljava/lang/Object; (104 bytes) @ 0x000000010c8fb594 [0x000000010c8fa3c0+0x11d4]
J 8274 C2 sun.reflect.DelegatingMethodAccessorImpl.invoke(Ljava/lang/Object;[Ljava/lang/Object;)Ljava/lang/Object; (10 bytes) @ 0x000000010c706ce8 [0x000000010c706ca0+0x48]
J 6052 C1 java.lang.reflect.Method.invoke(Ljava/lang/Object;[Ljava/lang/Object;)Ljava/lang/Object; (62 bytes) @ 0x000000010d5a3b1c [0x000000010d5a3720+0x3fc]
j  org.springframework.boot.devtools.restart.RestartLauncher.run()V+41
v  ~StubRoutines::call_stub

---------------  P R O C E S S  ---------------

Java Threads: ( => current thread )
=>0x00007fc3ac890800 JavaThread "restartedMain" [_thread_in_native, id=41487, stack(0x0000700010544000,0x0000700010644000)]
  0x00007fc3a66de000 JavaThread "File Watcher" daemon [_thread_blocked, id=38159, stack(0x0000700010441000,0x0000700010541000)]
  0x00007fc3ad8ac000 JavaThread "Thread-2" [_thread_blocked, id=43015, stack(0x000070001033e000,0x000070001043e000)]
  0x00007fc3a8ad7800 JavaThread "DestroyJavaVM" [_thread_blocked, id=9475, stack(0x000070000f005000,0x000070000f105000)]
  0x00007fc3a5194800 JavaThread "mysql-cj-abandoned-connection-cleanup" daemon [_thread_blocked, id=23043, stack(0x000070001084d000,0x000070001094d000)]
  0x00007fc3a504c800 JavaThread "Service Thread" daemon [_thread_blocked, id=16643, stack(0x0000700010138000,0x0000700010238000)]
  0x00007fc3a5008000 JavaThread "C1 CompilerThread3" daemon [_thread_blocked, id=15363, stack(0x0000700010035000,0x0000700010135000)]
  0x00007fc3a7820800 JavaThread "C2 CompilerThread2" daemon [_thread_blocked, id=16899, stack(0x000070000ff32000,0x0000700010032000)]
  0x00007fc3a6055000 JavaThread "C2 CompilerThread1" daemon [_thread_blocked, id=17155, stack(0x000070000fe2f000,0x000070000ff2f000)]
  0x00007fc3a5800800 JavaThread "C2 CompilerThread0" daemon [_thread_in_native, id=14339, stack(0x000070000fd2c000,0x000070000fe2c000)]
  0x00007fc3a580e000 JavaThread "Signal Dispatcher" daemon [_thread_blocked, id=17667, stack(0x000070000fc29000,0x000070000fd29000)]
  0x00007fc3a580a800 JavaThread "Finalizer" daemon [_thread_blocked, id=19715, stack(0x000070000fb26000,0x000070000fc26000)]
  0x00007fc3a5807800 JavaThread "Reference Handler" daemon [_thread_blocked, id=19971, stack(0x000070000fa23000,0x000070000fb23000)]

Other Threads:
  0x00007fc3a7818800 VMThread [stack: 0x000070000f920000,0x000070000fa20000] [id=12803]
  0x00007fc3a8800800 WatcherThread [stack: 0x000070001023b000,0x000070001033b000] [id=16131]

VM state:not at safepoint (normal execution)

VM Mutex/Monitor currently owned by a thread: None

heap address: 0x00000006c0000000, size: 4096 MB, Compressed Oops mode: Zero based, Oop shift amount: 3
Narrow klass base: 0x0000000000000000, Narrow klass shift: 3
Compressed class space size: 1073741824 Address: 0x00000007c0000000

Heap:
 PSYoungGen      total 456192K, used 241740K [0x000000076ab00000, 0x0000000788000000, 0x00000007c0000000)
  eden space 432128K, 55% used [0x000000076ab00000,0x0000000779713238,0x0000000785100000)
  from space 24064K, 0% used [0x0000000786880000,0x0000000786880000,0x0000000788000000)
  to   space 24064K, 0% used [0x0000000785100000,0x0000000785100000,0x0000000786880000)
 ParOldGen       total 221184K, used 39149K [0x00000006c0000000, 0x00000006cd800000, 0x000000076ab00000)
  object space 221184K, 17% used [0x00000006c0000000,0x00000006c263b728,0x00000006cd800000)
 Metaspace       used 76100K, capacity 79556K, committed 79896K, reserved 1118208K
  class space    used 9619K, capacity 10182K, committed 10288K, reserved 1048576K

Card table byte_map: [0x00000001065b9000,0x0000000106dba000] byte_map_base: 0x0000000102fb9000

Marking Bits: (ParMarkBitMap*) 0x0000000105afbe40
 Begin Bits: [0x000000011b38a000, 0x000000011f38a000)
 End Bits:   [0x000000011f38a000, 0x000000012338a000)

Polling page: 0x00000001041ca000

CodeCache: size=245760Kb used=24926Kb max_used=26289Kb free=220833Kb
 bounds [0x000000010c38a000, 0x000000010dd7a000, 0x000000011b38a000]
 total_blobs=8331 nmethods=7712 adapters=531
 compilation: enabled

Compilation events (10 events):
Event: 474.346 Thread 0x00007fc3a6055000 9441       4       java.util.Properties::getProperty (46 bytes)
Event: 474.347 Thread 0x00007fc3a7820800 9442       4       org.springframework.core.ResolvableType::<init> (47 bytes)
Event: 474.347 Thread 0x00007fc3a5008000 9443       3       java.lang.CharSequence$1CharIterator::nextInt (36 bytes)
Event: 474.347 Thread 0x00007fc3a7820800 nmethod 9442 0x000000010c840750 code [0x000000010c8408a0, 0x000000010c840958]
Event: 474.347 Thread 0x00007fc3a5008000 nmethod 9443 0x000000010c832d10 code [0x000000010c832ec0, 0x000000010c833388]
Event: 474.347 Thread 0x00007fc3a5008000 9444       3       java.util.stream.MatchOps$2MatchSink::accept (44 bytes)
Event: 474.348 Thread 0x00007fc3a5800800 nmethod 9438 0x000000010ccede50 code [0x000000010ccedfe0, 0x000000010ccee4d8]
Event: 474.348 Thread 0x00007fc3a5800800 9445       4       org.springframework.boot.context.properties.source.ConfigurationPropertyName$ElementsParser::parse (234 bytes)
Event: 474.348 Thread 0x00007fc3a5008000 nmethod 9444 0x000000010d7fd110 code [0x000000010d7fd280, 0x000000010d7fd568]
Event: 474.348 Thread 0x00007fc3a7820800 9446       4       java.io.File::<init> (47 bytes)

GC Heap History (10 events):
Event: 11.532 GC heap before
{Heap before GC invocations=12 (full 3):
 PSYoungGen      total 282112K, used 13820K [0x000000076ab00000, 0x0000000782a80000, 0x00000007c0000000)
  eden space 268288K, 0% used [0x000000076ab00000,0x000000076ab00000,0x000000077b100000)
  from space 13824K, 99% used [0x000000077b100000,0x000000077be7f080,0x000000077be80000)
  to   space 21504K, 0% used [0x0000000781580000,0x0000000781580000,0x0000000782a80000)
 ParOldGen       total 146944K, used 32721K [0x00000006c0000000, 0x00000006c8f80000, 0x000000076ab00000)
  object space 146944K, 22% used [0x00000006c0000000,0x00000006c1ff4680,0x00000006c8f80000)
 Metaspace       used 56871K, capacity 58882K, committed 59160K, reserved 1101824K
  class space    used 7247K, capacity 7641K, committed 7728K, reserved 1048576K
Event: 11.834 GC heap after
Heap after GC invocations=12 (full 3):
 PSYoungGen      total 282112K, used 0K [0x000000076ab00000, 0x0000000782a80000, 0x00000007c0000000)
  eden space 268288K, 0% used [0x000000076ab00000,0x000000076ab00000,0x000000077b100000)
  from space 13824K, 0% used [0x000000077b100000,0x000000077b100000,0x000000077be80000)
  to   space 21504K, 0% used [0x0000000781580000,0x0000000781580000,0x0000000782a80000)
 ParOldGen       total 221184K, used 42803K [0x00000006c0000000, 0x00000006cd800000, 0x000000076ab00000)
  object space 221184K, 19% used [0x00000006c0000000,0x00000006c29cce78,0x00000006cd800000)
 Metaspace       used 56871K, capacity 58882K, committed 59160K, reserved 1101824K
  class space    used 7247K, capacity 7641K, committed 7728K, reserved 1048576K
}
Event: 15.438 GC heap before
{Heap before GC invocations=13 (full 3):
 PSYoungGen      total 282112K, used 268275K [0x000000076ab00000, 0x0000000782a80000, 0x00000007c0000000)
  eden space 268288K, 99% used [0x000000076ab00000,0x000000077b0fcea0,0x000000077b100000)
  from space 13824K, 0% used [0x000000077b100000,0x000000077b100000,0x000000077be80000)
  to   space 21504K, 0% used [0x0000000781580000,0x0000000781580000,0x0000000782a80000)
 ParOldGen       total 221184K, used 42803K [0x00000006c0000000, 0x00000006cd800000, 0x000000076ab00000)
  object space 221184K, 19% used [0x00000006c0000000,0x00000006c29cce78,0x00000006cd800000)
 Metaspace       used 69609K, capacity 72436K, committed 72600K, reserved 1112064K
  class space    used 8830K, capacity 9326K, committed 9392K, reserved 1048576K
Event: 15.571 GC heap after
Heap after GC invocations=13 (full 3):
 PSYoungGen      total 367616K, used 21476K [0x000000076ab00000, 0x0000000782e80000, 0x00000007c0000000)
  eden space 346112K, 0% used [0x000000076ab00000,0x000000076ab00000,0x000000077fd00000)
  from space 21504K, 99% used [0x0000000781580000,0x0000000782a79010,0x0000000782a80000)
  to   space 25088K, 0% used [0x000000077fd00000,0x000000077fd00000,0x0000000781580000)
 ParOldGen       total 221184K, used 45261K [0x00000006c0000000, 0x00000006cd800000, 0x000000076ab00000)
  object space 221184K, 20% used [0x00000006c0000000,0x00000006c2c33698,0x00000006cd800000)
 Metaspace       used 69609K, capacity 72436K, committed 72600K, reserved 1112064K
  class space    used 8830K, capacity 9326K, committed 9392K, reserved 1048576K
}
Event: 203.488 GC heap before
{Heap before GC invocations=14 (full 3):
 PSYoungGen      total 367616K, used 367588K [0x000000076ab00000, 0x0000000782e80000, 0x00000007c0000000)
  eden space 346112K, 100% used [0x000000076ab00000,0x000000077fd00000,0x000000077fd00000)
  from space 21504K, 99% used [0x0000000781580000,0x0000000782a79010,0x0000000782a80000)
  to   space 25088K, 0% used [0x000000077fd00000,0x000000077fd00000,0x0000000781580000)
 ParOldGen       total 221184K, used 45261K [0x00000006c0000000, 0x00000006cd800000, 0x000000076ab00000)
  object space 221184K, 20% used [0x00000006c0000000,0x00000006c2c33698,0x00000006cd800000)
 Metaspace       used 75793K, capacity 79248K, committed 79384K, reserved 1118208K
  class space    used 9596K, capacity 10180K, committed 10288K, reserved 1048576K
Event: 203.515 GC heap after
Heap after GC invocations=14 (full 3):
 PSYoungGen      total 371200K, used 11494K [0x000000076ab00000, 0x0000000788000000, 0x00000007c0000000)
  eden space 346112K, 0% used [0x000000076ab00000,0x000000076ab00000,0x000000077fd00000)
  from space 25088K, 45% used [0x000000077fd00000,0x00000007808398a8,0x0000000781580000)
  to   space 24064K, 0% used [0x0000000786880000,0x0000000786880000,0x0000000788000000)
 ParOldGen       total 221184K, used 60429K [0x00000006c0000000, 0x00000006cd800000, 0x000000076ab00000)
  object space 221184K, 27% used [0x00000006c0000000,0x00000006c3b03420,0x00000006cd800000)
 Metaspace       used 75793K, capacity 79248K, committed 79384K, reserved 1118208K
  class space    used 9596K, capacity 10180K, committed 10288K, reserved 1048576K
}
Event: 454.457 GC heap before
{Heap before GC invocations=15 (full 3):
 PSYoungGen      total 371200K, used 236575K [0x000000076ab00000, 0x0000000788000000, 0x00000007c0000000)
  eden space 346112K, 65% used [0x000000076ab00000,0x00000007786ce470,0x000000077fd00000)
  from space 25088K, 45% used [0x000000077fd00000,0x00000007808398a8,0x0000000781580000)
  to   space 24064K, 0% used [0x0000000786880000,0x0000000786880000,0x0000000788000000)
 ParOldGen       total 221184K, used 60429K [0x00000006c0000000, 0x00000006cd800000, 0x000000076ab00000)
  object space 221184K, 27% used [0x00000006c0000000,0x00000006c3b03420,0x00000006cd800000)
 Metaspace       used 75973K, capacity 79444K, committed 79640K, reserved 1118208K
  class space    used 9616K, capacity 10195K, committed 10288K, reserved 1048576K
Event: 454.467 GC heap after
Heap after GC invocations=15 (full 3):
 PSYoungGen      total 456192K, used 6952K [0x000000076ab00000, 0x0000000788000000, 0x00000007c0000000)
  eden space 432128K, 0% used [0x000000076ab00000,0x000000076ab00000,0x0000000785100000)
  from space 24064K, 28% used [0x0000000786880000,0x0000000786f4a320,0x0000000788000000)
  to   space 24064K, 0% used [0x0000000785100000,0x0000000785100000,0x0000000786880000)
 ParOldGen       total 221184K, used 60437K [0x00000006c0000000, 0x00000006cd800000, 0x000000076ab00000)
  object space 221184K, 27% used [0x00000006c0000000,0x00000006c3b05420,0x00000006cd800000)
 Metaspace       used 75973K, capacity 79444K, committed 79640K, reserved 1118208K
  class space    used 9616K, capacity 10195K, committed 10288K, reserved 1048576K
}
Event: 454.467 GC heap before
{Heap before GC invocations=16 (full 4):
 PSYoungGen      total 456192K, used 6952K [0x000000076ab00000, 0x0000000788000000, 0x00000007c0000000)
  eden space 432128K, 0% used [0x000000076ab00000,0x000000076ab00000,0x0000000785100000)
  from space 24064K, 28% used [0x0000000786880000,0x0000000786f4a320,0x0000000788000000)
  to   space 24064K, 0% used [0x0000000785100000,0x0000000785100000,0x0000000786880000)
 ParOldGen       total 221184K, used 60437K [0x00000006c0000000, 0x00000006cd800000, 0x000000076ab00000)
  object space 221184K, 27% used [0x00000006c0000000,0x00000006c3b05420,0x00000006cd800000)
 Metaspace       used 75973K, capacity 79444K, committed 79640K, reserved 1118208K
  class space    used 9616K, capacity 10195K, committed 10288K, reserved 1048576K
Event: 454.648 GC heap after
Heap after GC invocations=16 (full 4):
 PSYoungGen      total 456192K, used 0K [0x000000076ab00000, 0x0000000788000000, 0x00000007c0000000)
  eden space 432128K, 0% used [0x000000076ab00000,0x000000076ab00000,0x0000000785100000)
  from space 24064K, 0% used [0x0000000786880000,0x0000000786880000,0x0000000788000000)
  to   space 24064K, 0% used [0x0000000785100000,0x0000000785100000,0x0000000786880000)
 ParOldGen       total 221184K, used 39149K [0x00000006c0000000, 0x00000006cd800000, 0x000000076ab00000)
  object space 221184K, 17% used [0x00000006c0000000,0x00000006c263b728,0x00000006cd800000)
 Metaspace       used 75887K, capacity 79306K, committed 79640K, reserved 1118208K
  class space    used 9604K, capacity 10172K, committed 10288K, reserved 1048576K
}

Deoptimization events (10 events):
Event: 454.686 Thread 0x00007fc3ad966000 Uncommon trap: reason=unstable_if action=reinterpret pc=0x000000010ca809a8 method=com.sun.org.apache.xerces.internal.util.SymbolTable.addSymbol([CII)Ljava/lang/String; @ 64
Event: 454.687 Thread 0x00007fc3ad966000 Uncommon trap: reason=bimorphic action=maybe_recompile pc=0x000000010cde35d0 method=java.util.HashMap.removeNode(ILjava/lang/Object;Ljava/lang/Object;ZZ)Ljava/util/HashMap$Node; @ 283
Event: 454.694 Thread 0x00007fc3ad966000 Uncommon trap: reason=bimorphic action=maybe_recompile pc=0x000000010c895bac method=java.util.Collections$UnmodifiableMap$UnmodifiableEntrySet$1.hasNext()Z @ 4
Event: 454.694 Thread 0x00007fc3ad966000 Uncommon trap: reason=bimorphic action=maybe_recompile pc=0x000000010c895bac method=java.util.Collections$UnmodifiableMap$UnmodifiableEntrySet$1.hasNext()Z @ 4
Event: 454.694 Thread 0x00007fc3ad966000 Uncommon trap: reason=bimorphic action=maybe_recompile pc=0x000000010c895bac method=java.util.Collections$UnmodifiableMap$UnmodifiableEntrySet$1.hasNext()Z @ 4
Event: 454.694 Thread 0x00007fc3ad966000 Uncommon trap: reason=bimorphic action=maybe_recompile pc=0x000000010c895bac method=java.util.Collections$UnmodifiableMap$UnmodifiableEntrySet$1.hasNext()Z @ 4
Event: 454.718 Thread 0x00007fc3ad966000 Uncommon trap: reason=unstable_if action=reinterpret pc=0x000000010d8044e4 method=org.springframework.core.annotation.AnnotationUtils.lambda$postProcessAnnotationAttributes$0(Ljava/util/Set;Lorg/springframework/core/annotation/AnnotationAttributes;Ljava/l
Event: 454.719 Thread 0x00007fc3ad966000 Uncommon trap: reason=unstable_if action=reinterpret pc=0x000000010c4aed88 method=org.springframework.core.annotation.AnnotationUtils.adaptValue(Ljava/lang/Object;Ljava/lang/Object;ZZ)Ljava/lang/Object; @ 8
Event: 455.060 Thread 0x00007fc3ad966000 Uncommon trap: reason=bimorphic action=maybe_recompile pc=0x000000010cde35d0 method=java.util.HashMap.removeNode(ILjava/lang/Object;Ljava/lang/Object;ZZ)Ljava/util/HashMap$Node; @ 283
Event: 455.084 Thread 0x00007fc3ad966000 Uncommon trap: reason=bimorphic action=maybe_recompile pc=0x000000010cde35d0 method=java.util.HashMap.removeNode(ILjava/lang/Object;Ljava/lang/Object;ZZ)Ljava/util/HashMap$Node; @ 283

Classes redefined (0 events):
No events

Internal exceptions (10 events):
Event: 455.527 Thread 0x00007fc3ad966000 Exception <a 'java/io/FileNotFoundException'> (0x000000077876aea8) thrown at [/Users/java_re/workspace/8-2-build-macosx-x86_64/jdk8u221/13320/hotspot/src/share/vm/prims/jni.cpp, line 710]
Event: 455.527 Thread 0x00007fc3ad966000 Exception <a 'java/io/FileNotFoundException'> (0x000000077876c0c8) thrown at [/Users/java_re/workspace/8-2-build-macosx-x86_64/jdk8u221/13320/hotspot/src/share/vm/prims/jni.cpp, line 710]
Event: 455.557 Thread 0x00007fc3ad966000 Exception <a 'java/security/PrivilegedActionException'> (0x0000000778a5e300) thrown at [/Users/java_re/workspace/8-2-build-macosx-x86_64/jdk8u221/13320/hotspot/src/share/vm/prims/jvm.cpp, line 1502]
Event: 455.557 Thread 0x00007fc3ad966000 Exception <a 'java/security/PrivilegedActionException'> (0x0000000778a5e8e0) thrown at [/Users/java_re/workspace/8-2-build-macosx-x86_64/jdk8u221/13320/hotspot/src/share/vm/prims/jvm.cpp, line 1502]
Event: 455.558 Thread 0x00007fc3ad966000 Exception <a 'java/security/PrivilegedActionException'> (0x0000000778d60168) thrown at [/Users/java_re/workspace/8-2-build-macosx-x86_64/jdk8u221/13320/hotspot/src/share/vm/prims/jvm.cpp, line 1502]
Event: 455.558 Thread 0x00007fc3ad966000 Exception <a 'java/security/PrivilegedActionException'> (0x0000000778d60748) thrown at [/Users/java_re/workspace/8-2-build-macosx-x86_64/jdk8u221/13320/hotspot/src/share/vm/prims/jvm.cpp, line 1502]
Event: 455.559 Thread 0x00007fc3ad966000 Exception <a 'java/lang/reflect/InvocationTargetException'> (0x0000000778d88b20) thrown at [/Users/java_re/workspace/8-2-build-macosx-x86_64/jdk8u221/13320/hotspot/src/share/vm/runtime/reflection.cpp, line 1092]
Event: 455.562 Thread 0x00007fc3a9c39000 Exception <a 'java/lang/InterruptedException': sleep interrupted> (0x0000000778ea2490) thrown at [/Users/java_re/workspace/8-2-build-macosx-x86_64/jdk8u221/13320/hotspot/src/share/vm/prims/jvm.cpp, line 3336]
Event: 455.569 Thread 0x00007fc3ad966000 Exception <a 'java/lang/reflect/InvocationTargetException'> (0x0000000778e54b18) thrown at [/Users/java_re/workspace/8-2-build-macosx-x86_64/jdk8u221/13320/hotspot/src/share/vm/runtime/reflection.cpp, line 1092]
Event: 474.346 Thread 0x00007fc3ac890800 Exception <a 'java/io/FileNotFoundException'> (0x000000077964b470) thrown at [/Users/java_re/workspace/8-2-build-macosx-x86_64/jdk8u221/13320/hotspot/src/share/vm/prims/jni.cpp, line 710]

Events (10 events):
Event: 474.345 loading class ch/qos/logback/core/Appender done
Event: 474.345 loading class ch/qos/logback/core$Appender
Event: 474.345 loading class ch/qos/logback/core$Appender done
Event: 474.346 Executing VM operation: RevokeBias
Event: 474.346 Executing VM operation: RevokeBias done
Event: 474.346 loading class liquibase/servicelocator/CustomResolverServiceLocator
Event: 474.346 loading class liquibase/servicelocator/CustomResolverServiceLocator done
Event: 474.346 loading class liquibase/servicelocator$CustomResolverServiceLocator
Event: 474.346 loading class liquibase/servicelocator$CustomResolverServiceLocator done
Event: 474.348 Thread 0x00007fc3a7820800 flushing nmethod 0x000000010cde2d10


Dynamic libraries:
0x00007fff371ce000 	/System/Library/Frameworks/Cocoa.framework/Versions/A/Cocoa
0x00007fff42f7c000 	/System/Library/Frameworks/Security.framework/Versions/A/Security
0x00007fff35e60000 	/System/Library/Frameworks/ApplicationServices.framework/Versions/A/ApplicationServices
0x00007fff6306d000 	/usr/lib/libz.1.dylib
0x00007fff609c4000 	/usr/lib/libSystem.B.dylib
0x00007fff621fd000 	/usr/lib/libobjc.A.dylib
0x00007fff37a43000 	/System/Library/Frameworks/CoreFoundation.framework/Versions/A/CoreFoundation
0x00007fff39cc7000 	/System/Library/Frameworks/Foundation.framework/Versions/C/Foundation
0x00007fff35059000 	/System/Library/Frameworks/AppKit.framework/Versions/C/AppKit
0x00007fff375cc000 	/System/Library/Frameworks/CoreData.framework/Versions/A/CoreData
0x00007fff5a489000 	/System/Library/PrivateFrameworks/RemoteViewServices.framework/Versions/A/RemoteViewServices
0x00007fff5e700000 	/System/Library/PrivateFrameworks/UIFoundation.framework/Versions/A/UIFoundation
0x00007fff5fde5000 	/System/Library/PrivateFrameworks/XCTTargetBootstrap.framework/Versions/A/XCTTargetBootstrap
0x00007fff37952000 	/System/Library/Frameworks/CoreDisplay.framework/Versions/A/CoreDisplay
0x00007fff551c3000 	/System/Library/PrivateFrameworks/IconServices.framework/Versions/A/IconServices
0x00007fff3c5e9000 	/System/Library/Frameworks/Metal.framework/Versions/A/Metal
0x00007fff4c707000 	/System/Library/PrivateFrameworks/DesktopServicesPriv.framework/Versions/A/DesktopServicesPriv
0x00007fff61560000 	/usr/lib/libenergytrace.dylib
0x00007fff5cbe7000 	/System/Library/PrivateFrameworks/SkyLight.framework/Versions/A/SkyLight
0x00007fff37e8a000 	/System/Library/Frameworks/CoreGraphics.framework/Versions/A/CoreGraphics
0x00007fff33e25000 	/System/Library/Frameworks/Accelerate.framework/Versions/A/Accelerate
0x00007fff3a410000 	/System/Library/Frameworks/IOSurface.framework/Versions/A/IOSurface
0x00007fff4c573000 	/System/Library/PrivateFrameworks/DFRFoundation.framework/Versions/A/DFRFoundation
0x00007fff36343000 	/System/Library/Frameworks/AudioToolbox.framework/Versions/A/AudioToolbox
0x00007fff365bc000 	/System/Library/Frameworks/AudioUnit.framework/Versions/A/AudioUnit
0x00007fff4c608000 	/System/Library/PrivateFrameworks/DataDetectorsCore.framework/Versions/A/DataDetectorsCore
0x00007fff36cd1000 	/System/Library/Frameworks/Carbon.framework/Versions/A/Frameworks/HIToolbox.framework/Versions/A/HIToolbox
0x00007fff616b9000 	/usr/lib/libicucore.A.dylib
0x00007fff424ef000 	/System/Library/Frameworks/QuartzCore.framework/Versions/A/QuartzCore
0x00007fff370a6000 	/System/Library/Frameworks/Carbon.framework/Versions/A/Frameworks/SpeechRecognition.framework/Versions/A/SpeechRecognition
0x00007fff60b18000 	/usr/lib/libauto.dylib
0x00007fff62f60000 	/usr/lib/libxml2.2.dylib
0x00007fff4c14e000 	/System/Library/PrivateFrameworks/CoreUI.framework/Versions/A/CoreUI
0x00007fff374b7000 	/System/Library/Frameworks/CoreAudio.framework/Versions/A/CoreAudio
0x00007fff39afc000 	/System/Library/Frameworks/DiskArbitration.framework/Versions/A/DiskArbitration
0x00007fff61967000 	/usr/lib/liblangid.dylib
0x00007fff565ce000 	/System/Library/PrivateFrameworks/MultitouchSupport.framework/Versions/A/MultitouchSupport
0x00007fff3a37f000 	/System/Library/Frameworks/IOKit.framework/Versions/A/IOKit
0x00007fff60584000 	/usr/lib/libDiagnosticMessagesClient.dylib
0x00007fff38c9a000 	/System/Library/Frameworks/CoreServices.framework/Versions/A/CoreServices
0x00007fff58288000 	/System/Library/PrivateFrameworks/PerformanceAnalysis.framework/Versions/A/PerformanceAnalysis
0x00007fff416d6000 	/System/Library/Frameworks/OpenGL.framework/Versions/A/OpenGL
0x00007fff371dc000 	/System/Library/Frameworks/ColorSync.framework/Versions/A/ColorSync
0x00007fff3851c000 	/System/Library/Frameworks/CoreImage.framework/Versions/A/CoreImage
0x00007fff39672000 	/System/Library/Frameworks/CoreText.framework/Versions/A/CoreText
0x00007fff3a473000 	/System/Library/Frameworks/ImageIO.framework/Versions/A/ImageIO
0x00007fff487a0000 	/System/Library/PrivateFrameworks/Backup.framework/Versions/A/Backup
0x00007fff60a6b000 	/usr/lib/libarchive.2.dylib
0x00007fff36915000 	/System/Library/Frameworks/CFNetwork.framework/Versions/A/CFNetwork
0x00007fff436d8000 	/System/Library/Frameworks/SystemConfiguration.framework/Versions/A/SystemConfiguration
0x00007fff604b5000 	/usr/lib/libCRFSuite.dylib
0x00007fff60c09000 	/usr/lib/libc++.1.dylib
0x00007fff60c5d000 	/usr/lib/libc++abi.dylib
0x00007fff63863000 	/usr/lib/system/libcache.dylib
0x00007fff63868000 	/usr/lib/system/libcommonCrypto.dylib
0x00007fff63873000 	/usr/lib/system/libcompiler_rt.dylib
0x00007fff6387b000 	/usr/lib/system/libcopyfile.dylib
0x00007fff63885000 	/usr/lib/system/libcorecrypto.dylib
0x00007fff63990000 	/usr/lib/system/libdispatch.dylib
0x00007fff639ca000 	/usr/lib/system/libdyld.dylib
0x00007fff639f7000 	/usr/lib/system/libkeymgr.dylib
0x00007fff63a05000 	/usr/lib/system/liblaunch.dylib
0x00007fff63a06000 	/usr/lib/system/libmacho.dylib
0x00007fff63a0c000 	/usr/lib/system/libquarantine.dylib
0x00007fff63a0f000 	/usr/lib/system/libremovefile.dylib
0x00007fff63a11000 	/usr/lib/system/libsystem_asl.dylib
0x00007fff63a29000 	/usr/lib/system/libsystem_blocks.dylib
0x00007fff63a2a000 	/usr/lib/system/libsystem_c.dylib
0x00007fff63ab2000 	/usr/lib/system/libsystem_configuration.dylib
0x00007fff63ab6000 	/usr/lib/system/libsystem_coreservices.dylib
0x00007fff63aba000 	/usr/lib/system/libsystem_darwin.dylib
0x00007fff63ac1000 	/usr/lib/system/libsystem_dnssd.dylib
0x00007fff63ac8000 	/usr/lib/system/libsystem_info.dylib
0x00007fff63b3d000 	/usr/lib/system/libsystem_m.dylib
0x00007fff63b89000 	/usr/lib/system/libsystem_malloc.dylib
0x00007fff63bb4000 	/usr/lib/system/libsystem_networkextension.dylib
0x00007fff63bbf000 	/usr/lib/system/libsystem_notify.dylib
0x00007fff63bdc000 	/usr/lib/system/libsystem_sandbox.dylib
0x00007fff63be0000 	/usr/lib/system/libsystem_secinit.dylib
0x00007fff63b14000 	/usr/lib/system/libsystem_kernel.dylib
0x00007fff63bc7000 	/usr/lib/system/libsystem_platform.dylib
0x00007fff63bd1000 	/usr/lib/system/libsystem_pthread.dylib
0x00007fff63be3000 	/usr/lib/system/libsystem_symptoms.dylib
0x00007fff63beb000 	/usr/lib/system/libsystem_trace.dylib
0x00007fff63c02000 	/usr/lib/system/libunwind.dylib
0x00007fff63c08000 	/usr/lib/system/libxpc.dylib
0x00007fff60bea000 	/usr/lib/libbsm.0.dylib
0x00007fff639f8000 	/usr/lib/system/libkxld.dylib
0x00007fff47b91000 	/System/Library/PrivateFrameworks/AppleFSCompression.framework/Versions/A/AppleFSCompression
0x00007fff60884000 	/usr/lib/libOpenScriptingUtil.dylib
0x00007fff60f12000 	/usr/lib/libcoretls.dylib
0x00007fff60f29000 	/usr/lib/libcoretls_cfhelpers.dylib
0x00007fff62994000 	/usr/lib/libpam.2.dylib
0x00007fff62b54000 	/usr/lib/libsqlite3.dylib
0x00007fff62f4e000 	/usr/lib/libxar.1.dylib
0x00007fff60bfb000 	/usr/lib/libbz2.1.0.dylib
0x00007fff61969000 	/usr/lib/liblzma.5.dylib
0x00007fff61e1a000 	/usr/lib/libnetwork.dylib
0x00007fff60a54000 	/usr/lib/libapple_nghttp2.dylib
0x00007fff6299b000 	/usr/lib/libpcap.A.dylib
0x00007fff39039000 	/System/Library/Frameworks/CoreServices.framework/Versions/A/Frameworks/FSEvents.framework/Versions/A/FSEvents
0x00007fff38d18000 	/System/Library/Frameworks/CoreServices.framework/Versions/A/Frameworks/CarbonCore.framework/Versions/A/CarbonCore
0x00007fff391f4000 	/System/Library/Frameworks/CoreServices.framework/Versions/A/Frameworks/Metadata.framework/Versions/A/Metadata
0x00007fff39293000 	/System/Library/Frameworks/CoreServices.framework/Versions/A/Frameworks/OSServices.framework/Versions/A/OSServices
0x00007fff392de000 	/System/Library/Frameworks/CoreServices.framework/Versions/A/Frameworks/SearchKit.framework/Versions/A/SearchKit
0x00007fff38c9b000 	/System/Library/Frameworks/CoreServices.framework/Versions/A/Frameworks/AE.framework/Versions/A/AE
0x00007fff39042000 	/System/Library/Frameworks/CoreServices.framework/Versions/A/Frameworks/LaunchServices.framework/Versions/A/LaunchServices
0x00007fff38ff0000 	/System/Library/Frameworks/CoreServices.framework/Versions/A/Frameworks/DictionaryServices.framework/Versions/A/DictionaryServices
0x00007fff39346000 	/System/Library/Frameworks/CoreServices.framework/Versions/A/Frameworks/SharedFileList.framework/Versions/A/SharedFileList
0x00007fff3d6b1000 	/System/Library/Frameworks/NetFS.framework/Versions/A/NetFS
0x00007fff56834000 	/System/Library/PrivateFrameworks/NetAuth.framework/Versions/A/NetAuth
0x00007fff601e9000 	/System/Library/PrivateFrameworks/login.framework/Versions/A/Frameworks/loginsupport.framework/Versions/A/loginsupport
0x00007fff5e309000 	/System/Library/PrivateFrameworks/TCC.framework/Versions/A/TCC
0x00007fff4b7ab000 	/System/Library/PrivateFrameworks/CoreNLP.framework/Versions/A/CoreNLP
0x00007fff562c9000 	/System/Library/PrivateFrameworks/MetadataUtilities.framework/Versions/A/MetadataUtilities
0x00007fff61a3e000 	/usr/lib/libmecabra.dylib
0x00007fff35e61000 	/System/Library/Frameworks/ApplicationServices.framework/Versions/A/Frameworks/ATS.framework/Versions/A/ATS
0x00007fff361b0000 	/System/Library/Frameworks/ApplicationServices.framework/Versions/A/Frameworks/ColorSyncLegacy.framework/Versions/A/ColorSyncLegacy
0x00007fff3624f000 	/System/Library/Frameworks/ApplicationServices.framework/Versions/A/Frameworks/HIServices.framework/Versions/A/HIServices
0x00007fff362a2000 	/System/Library/Frameworks/ApplicationServices.framework/Versions/A/Frameworks/LangAnalysis.framework/Versions/A/LangAnalysis
0x00007fff362b2000 	/System/Library/Frameworks/ApplicationServices.framework/Versions/A/Frameworks/PrintCore.framework/Versions/A/PrintCore
0x00007fff362fc000 	/System/Library/Frameworks/ApplicationServices.framework/Versions/A/Frameworks/QD.framework/Versions/A/QD
0x00007fff36336000 	/System/Library/Frameworks/ApplicationServices.framework/Versions/A/Frameworks/SpeechSynthesis.framework/Versions/A/SpeechSynthesis
0x00007fff60c85000 	/usr/lib/libcompression.dylib
0x00007fff3c8b9000 	/System/Library/Frameworks/MetalPerformanceShaders.framework/Versions/A/MetalPerformanceShaders
0x00007fff33e3d000 	/System/Library/Frameworks/Accelerate.framework/Versions/A/Frameworks/vImage.framework/Versions/A/vImage
0x00007fff34eb7000 	/System/Library/Frameworks/Accelerate.framework/Versions/A/Frameworks/vecLib.framework/Versions/A/vecLib
0x00007fff34e03000 	/System/Library/Frameworks/Accelerate.framework/Versions/A/Frameworks/vecLib.framework/Versions/A/libvMisc.dylib
0x00007fff34c1b000 	/System/Library/Frameworks/Accelerate.framework/Versions/A/Frameworks/vecLib.framework/Versions/A/libvDSP.dylib
0x00007fff344d7000 	/System/Library/Frameworks/Accelerate.framework/Versions/A/Frameworks/vecLib.framework/Versions/A/libBLAS.dylib
0x00007fff347c4000 	/System/Library/Frameworks/Accelerate.framework/Versions/A/Frameworks/vecLib.framework/Versions/A/libLAPACK.dylib
0x00007fff34b6e000 	/System/Library/Frameworks/Accelerate.framework/Versions/A/Frameworks/vecLib.framework/Versions/A/libLinearAlgebra.dylib
0x00007fff34c07000 	/System/Library/Frameworks/Accelerate.framework/Versions/A/Frameworks/vecLib.framework/Versions/A/libSparseBLAS.dylib
0x00007fff34b84000 	/System/Library/Frameworks/Accelerate.framework/Versions/A/Frameworks/vecLib.framework/Versions/A/libQuadrature.dylib
0x00007fff34751000 	/System/Library/Frameworks/Accelerate.framework/Versions/A/Frameworks/vecLib.framework/Versions/A/libBNNS.dylib
0x00007fff34b8a000 	/System/Library/Frameworks/Accelerate.framework/Versions/A/Frameworks/vecLib.framework/Versions/A/libSparse.dylib
0x00007fff52af9000 	/System/Library/PrivateFrameworks/GPUWrangler.framework/Versions/A/GPUWrangler
0x00007fff54df8000 	/System/Library/PrivateFrameworks/IOAccelerator.framework/Versions/A/IOAccelerator
0x00007fff54e03000 	/System/Library/PrivateFrameworks/IOPresentment.framework/Versions/A/IOPresentment
0x00007fff4c583000 	/System/Library/PrivateFrameworks/DSExternalDisplay.framework/Versions/A/DSExternalDisplay
0x00007fff40b2d000 	/System/Library/Frameworks/OpenGL.framework/Versions/A/Libraries/libCoreFSCache.dylib
0x00007fff3c6ad000 	/System/Library/Frameworks/MetalPerformanceShaders.framework/Frameworks/MPSCore.framework/Versions/A/MPSCore
0x00007fff3c6cd000 	/System/Library/Frameworks/MetalPerformanceShaders.framework/Frameworks/MPSImage.framework/Versions/A/MPSImage
0x00007fff3c772000 	/System/Library/Frameworks/MetalPerformanceShaders.framework/Frameworks/MPSNeuralNetwork.framework/Versions/A/MPSNeuralNetwork
0x00007fff3c74a000 	/System/Library/Frameworks/MetalPerformanceShaders.framework/Frameworks/MPSMatrix.framework/Versions/A/MPSMatrix
0x00007fff3c89e000 	/System/Library/Frameworks/MetalPerformanceShaders.framework/Frameworks/MPSRayIntersector.framework/Versions/A/MPSRayIntersector
0x00007fff562f2000 	/System/Library/PrivateFrameworks/MetalTools.framework/Versions/A/MetalTools
0x00007fff4743b000 	/System/Library/PrivateFrameworks/AggregateDictionary.framework/Versions/A/AggregateDictionary
0x00007fff60864000 	/usr/lib/libMobileGestalt.dylib
0x00007fff397d5000 	/System/Library/Frameworks/CoreVideo.framework/Versions/A/CoreVideo
0x00007fff5390a000 	/System/Library/PrivateFrameworks/GraphVisualizer.framework/Versions/A/GraphVisualizer
0x00007fff4d789000 	/System/Library/PrivateFrameworks/FaceCore.framework/Versions/A/FaceCore
0x00007fff4015b000 	/System/Library/Frameworks/OpenCL.framework/Versions/A/OpenCL
0x00007fff605bc000 	/usr/lib/libFosl_dynamic.dylib
0x00007fff5709f000 	/System/Library/PrivateFrameworks/OTSVG.framework/Versions/A/OTSVG
0x00007fff35f65000 	/System/Library/Frameworks/ApplicationServices.framework/Versions/A/Frameworks/ATS.framework/Versions/A/Resources/libFontParser.dylib
0x00007fff3607d000 	/System/Library/Frameworks/ApplicationServices.framework/Versions/A/Frameworks/ATS.framework/Versions/A/Resources/libFontRegistry.dylib
0x00007fff3a6e2000 	/System/Library/Frameworks/ImageIO.framework/Versions/A/Resources/libJPEG.dylib
0x00007fff3a9f4000 	/System/Library/Frameworks/ImageIO.framework/Versions/A/Resources/libTIFF.dylib
0x00007fff3a9ca000 	/System/Library/Frameworks/ImageIO.framework/Versions/A/Resources/libPng.dylib
0x00007fff3a600000 	/System/Library/Frameworks/ImageIO.framework/Versions/A/Resources/libGIF.dylib
0x00007fff3a605000 	/System/Library/Frameworks/ImageIO.framework/Versions/A/Resources/libJP2.dylib
0x00007fff3a9f1000 	/System/Library/Frameworks/ImageIO.framework/Versions/A/Resources/libRadiance.dylib
0x00007fff47ce8000 	/System/Library/PrivateFrameworks/AppleJPEG.framework/Versions/A/AppleJPEG
0x00007fff40b38000 	/System/Library/Frameworks/OpenGL.framework/Versions/A/Libraries/libGFXShared.dylib
0x00007fff40cfb000 	/System/Library/Frameworks/OpenGL.framework/Versions/A/Libraries/libGLU.dylib
0x00007fff40b41000 	/System/Library/Frameworks/OpenGL.framework/Versions/A/Libraries/libGL.dylib
0x00007fff40b4d000 	/System/Library/Frameworks/OpenGL.framework/Versions/A/Libraries/libGLImage.dylib
0x00007fff40b2a000 	/System/Library/Frameworks/OpenGL.framework/Versions/A/Libraries/libCVMSPluginSupport.dylib
0x00007fff40b33000 	/System/Library/Frameworks/OpenGL.framework/Versions/A/Libraries/libCoreVMClient.dylib
0x00007fff613d6000 	/usr/lib/libcups.2.dylib
0x00007fff3bbb4000 	/System/Library/Frameworks/Kerberos.framework/Versions/A/Kerberos
0x00007fff3a0e3000 	/System/Library/Frameworks/GSS.framework/Versions/A/GSS
0x00007fff62ae9000 	/usr/lib/libresolv.9.dylib
0x00007fff615c8000 	/usr/lib/libiconv.2.dylib
0x00007fff53a7f000 	/System/Library/PrivateFrameworks/Heimdal.framework/Versions/A/Heimdal
0x00007fff61598000 	/usr/lib/libheimdal-asn1.dylib
0x00007fff401cf000 	/System/Library/Frameworks/OpenDirectory.framework/Versions/A/OpenDirectory
0x00007fff4a50e000 	/System/Library/PrivateFrameworks/CommonAuth.framework/Versions/A/CommonAuth
0x00007fff401b3000 	/System/Library/Frameworks/OpenDirectory.framework/Versions/A/Frameworks/CFOpenDirectory.framework/Versions/A/CFOpenDirectory
0x00007fff4327d000 	/System/Library/Frameworks/SecurityFoundation.framework/Versions/A/SecurityFoundation
0x00007fff46981000 	/System/Library/PrivateFrameworks/APFS.framework/Versions/A/APFS
0x00007fff62f4a000 	/usr/lib/libutil.dylib
0x00007fff60c73000 	/usr/lib/libcharset.1.dylib
0x00007fff47f85000 	/System/Library/PrivateFrameworks/AppleSauce.framework/Versions/A/AppleSauce
0x00007fff48106000 	/System/Library/PrivateFrameworks/AssertionServices.framework/Versions/A/AssertionServices
0x00007fff48836000 	/System/Library/PrivateFrameworks/BaseBoard.framework/Versions/A/BaseBoard
0x00007fff61999000 	/usr/lib/libmecab.1.0.0.dylib
0x00007fff61592000 	/usr/lib/libgermantok.dylib
0x00007fff60a41000 	/usr/lib/libThaiTokenizer.dylib
0x00007fff604ec000 	/usr/lib/libChineseTokenizer.dylib
0x00007fff554b0000 	/System/Library/PrivateFrameworks/LanguageModeling.framework/Versions/A/LanguageModeling
0x00007fff4b1f0000 	/System/Library/PrivateFrameworks/CoreEmoji.framework/Versions/A/CoreEmoji
0x00007fff5558c000 	/System/Library/PrivateFrameworks/Lexicon.framework/Versions/A/Lexicon
0x00007fff555cf000 	/System/Library/PrivateFrameworks/LinguisticData.framework/Versions/A/LinguisticData
0x00007fff60c74000 	/usr/lib/libcmph.dylib
0x00007fff4333b000 	/System/Library/Frameworks/ServiceManagement.framework/Versions/A/ServiceManagement
0x00007fff48797000 	/System/Library/PrivateFrameworks/BackgroundTaskManagement.framework/Versions/A/BackgroundTaskManagement
0x00007fff63044000 	/usr/lib/libxslt.1.dylib
0x00007fff36fd3000 	/System/Library/Frameworks/Carbon.framework/Versions/A/Frameworks/Ink.framework/Versions/A/Ink
0x00007fff5e57b000 	/System/Library/PrivateFrameworks/TextureIO.framework/Versions/A/TextureIO
0x00007fff60a95000 	/usr/lib/libate.dylib
0x00007fff4c4d2000 	/System/Library/PrivateFrameworks/CrashReporterSupport.framework/Versions/A/CrashReporterSupport
0x00007fff5bcb5000 	/System/Library/PrivateFrameworks/Sharing.framework/Versions/A/Sharing
0x00007fff484e9000 	/System/Library/PrivateFrameworks/AuthKit.framework/Versions/A/AuthKit
0x00007fff47a3d000 	/System/Library/PrivateFrameworks/Apple80211.framework/Versions/A/Apple80211
0x00007fff4c27a000 	/System/Library/PrivateFrameworks/CoreUtils.framework/Versions/A/CoreUtils
0x00007fff39816000 	/System/Library/Frameworks/CoreWLAN.framework/Versions/A/CoreWLAN
0x00007fff3a212000 	/System/Library/Frameworks/IOBluetooth.framework/Versions/A/IOBluetooth
0x00007fff5a129000 	/System/Library/PrivateFrameworks/ProtocolBuffer.framework/Versions/A/ProtocolBuffer
0x00007fff5652a000 	/System/Library/PrivateFrameworks/MobileKeyBag.framework/Versions/A/MobileKeyBag
0x00007fff4babe000 	/System/Library/PrivateFrameworks/CorePhoneNumbers.framework/Versions/A/CorePhoneNumbers
0x00007fff47c9c000 	/System/Library/PrivateFrameworks/AppleIDAuthSupport.framework/Versions/A/AppleIDAuthSupport
0x00007fff55483000 	/System/Library/PrivateFrameworks/KeychainCircle.framework/Versions/A/KeychainCircle
0x00007fff5a2df000 	/System/Library/PrivateFrameworks/ROCKit.framework/Versions/A/ROCKit
0x00007fff4c46e000 	/System/Library/PrivateFrameworks/CoreWiFi.framework/Versions/A/CoreWiFi
0x00007fff375a1000 	/System/Library/Frameworks/CoreBluetooth.framework/Versions/A/CoreBluetooth
0x00007fff4c6c9000 	/System/Library/PrivateFrameworks/DebugSymbols.framework/Versions/A/DebugSymbols
0x00007fff4c03a000 	/System/Library/PrivateFrameworks/CoreSymbolication.framework/Versions/A/CoreSymbolication
0x00007fff5dd96000 	/System/Library/PrivateFrameworks/Symbolication.framework/Versions/A/Symbolication
0x00007fff5d639000 	/System/Library/PrivateFrameworks/SpeechRecognitionCore.framework/Versions/A/SpeechRecognitionCore
0x00007fff2c140000 	/System/Library/CoreServices/Encodings/libKoreanConverter.dylib
0x0000000105200000 	/Library/Java/JavaVirtualMachines/jdk1.8.0_221.jdk/Contents/Home/jre/lib/server/libjvm.dylib
0x00007fff62e25000 	/usr/lib/libstdc++.6.dylib
0x0000000104186000 	/Library/Java/JavaVirtualMachines/jdk1.8.0_221.jdk/Contents/Home/jre/lib/libverify.dylib
0x0000000104194000 	/Library/Java/JavaVirtualMachines/jdk1.8.0_221.jdk/Contents/Home/jre/lib/libjava.dylib
0x00000001041d4000 	/Library/Java/JavaVirtualMachines/jdk1.8.0_221.jdk/Contents/Home/jre/lib/libzip.dylib
0x000000010a2db000 	/Library/Java/JavaVirtualMachines/jdk1.8.0_221.jdk/Contents/Home/jre/lib/libmanagement.dylib
0x000000010a87f000 	/Library/Java/JavaVirtualMachines/jdk1.8.0_221.jdk/Contents/Home/jre/lib/libnet.dylib
0x000000010a8d4000 	/Library/Java/JavaVirtualMachines/jdk1.8.0_221.jdk/Contents/Home/jre/lib/libnio.dylib
0x000000010bc76000 	/Library/Java/JavaVirtualMachines/jdk1.8.0_221.jdk/Contents/Home/jre/lib/libsunec.dylib

VM Arguments:
jvm_args: -Dfile.encoding=UTF-8 -Duser.country=KR -Duser.language=ko -Duser.variant 
java_command: kr.onekey.dp.DpModuleApiApplication
java_class_path (initial): /Users/gang-yun-won/git/dpInstallation/dp-api/build/classes/java/main:/Users/gang-yun-won/git/dpInstallation/dp-api/build/resources/main:/Users/gang-yun-won/git/dpInstallation/dp-common/build/libs/dp-common-1.0.jar:/Users/gang-yun-won/.gradle/caches/modules-2/files-2.1/com.amazonaws/aws-java-sdk-s3/1.11.655/42f5dd51eba9bb771f41a3d23b49d89f2e98a18d/aws-java-sdk-s3-1.11.655.jar:/Users/gang-yun-won/.gradle/caches/modules-2/files-2.1/com.amazonaws/aws-java-sdk-kms/1.11.655/cd8408b6841303713d408a3e4dc77df2b483df5d/aws-java-sdk-kms-1.11.655.jar:/Users/gang-yun-won/.gradle/caches/modules-2/files-2.1/com.amazonaws/aws-java-sdk-core/1.11.655/89cf11edcc6d2325b37ef84f88fdf082f96484f5/aws-java-sdk-core-1.11.655.jar:/Users/gang-yun-won/.gradle/caches/modules-2/files-2.1/com.amazonaws/jmespath-java/1.11.655/254d90a676820ae6d92c29af66b787a1d1a981d3/jmespath-java-1.11.655.jar:/Users/gang-yun-won/.gradle/caches/modules-2/files-2.1/org.springframework.boot/spring-boot-starter-web/2.1.8.RELEASE/36c0b75eaf07a68ac6e8a75c97a2bffa766ac147/spring-boot-starter-web-2.1.8.RELEASE.jar:/Users/gang-yun-won/.gradle/caches/modules-2/files-2.1/org.springframework.boot/spring-boot-starter-json/2.1.8.RELEASE/910f1e7ee86175e16c1075cd714a1053453ece7d/spring-boot-starter-json-2.1.8.RELEASE.jar:/Users/gang-yun-won/.gradle/caches/modules-2/files-2.1/com.fasterxml.jackson.datatype/jackson-datatype-jdk8/2.9.9/4b04126963103216c9c43b0f34bbc36315654204/jackson-datatype-jdk8-2.9.9.jar:/Users/gang-yun-won/.gradle/caches/modules-2/files-2.1/com.fasterxml.jackson.datatype/jackson-datatype-jsr310/2.9.9/a33df137557793b0404a486888dbe049f7abeeeb/jackson-datatype-jsr310-2.9.9.jar:/Users/gang-yun-won/.gradle/caches/modules-2/files-2.1/com.fasterxml.jackson.module/jackson-module-parameter-names/2.9.9/a92facb55a2538e7b2fe14294570a18b823ad431/jackson-module-parameter-names-2.9.9.jar:/Users/gang-yun-won/.gradle/caches/modules-2/files-2.1/com.fasterxml.jackson.core/jackson-databind/2.9.9/d6eb9817
Launcher Type: SUN_STANDARD

Environment Variables:
PATH=/usr/local/bin:/usr/bin:/bin:/usr/sbin:/sbin
SHELL=/bin/bash

Signal Handlers:
SIGSEGV: [libjvm.dylib+0x5b71a7], sa_mask[0]=11111111011111110111111111111111, sa_flags=SA_ONSTACK|SA_RESTART|SA_SIGINFO
SIGBUS: [libjvm.dylib+0x5b71a7], sa_mask[0]=11111111011111110111111111111111, sa_flags=SA_RESTART|SA_SIGINFO
SIGFPE: [libjvm.dylib+0x48c8fc], sa_mask[0]=11111111011111110111111111111111, sa_flags=SA_RESTART|SA_SIGINFO
SIGPIPE: [libjvm.dylib+0x48c8fc], sa_mask[0]=11111111011111110111111111111111, sa_flags=SA_RESTART|SA_SIGINFO
SIGXFSZ: [libjvm.dylib+0x48c8fc], sa_mask[0]=11111111011111110111111111111111, sa_flags=SA_RESTART|SA_SIGINFO
SIGILL: [libjvm.dylib+0x48c8fc], sa_mask[0]=11111111011111110111111111111111, sa_flags=SA_RESTART|SA_SIGINFO
SIGUSR1: SIG_DFL, sa_mask[0]=11111111011111110111111111111111, sa_flags=none
SIGUSR2: [libjvm.dylib+0x48c41a], sa_mask[0]=00100000000000000000000000000000, sa_flags=SA_RESTART|SA_SIGINFO
SIGHUP: [libjvm.dylib+0x48a9a5], sa_mask[0]=11111111011111110111111111111111, sa_flags=SA_RESTART|SA_SIGINFO
SIGINT: [libjvm.dylib+0x48a9a5], sa_mask[0]=11111111011111110111111111111111, sa_flags=SA_RESTART|SA_SIGINFO
SIGTERM: [libjvm.dylib+0x48a9a5], sa_mask[0]=11111111011111110111111111111111, sa_flags=SA_RESTART|SA_SIGINFO
SIGQUIT: [libjvm.dylib+0x48a9a5], sa_mask[0]=11111111011111110111111111111111, sa_flags=SA_RESTART|SA_SIGINFO


---------------  S Y S T E M  ---------------

OS:Bsduname:Darwin 18.7.0 Darwin Kernel Version 18.7.0: Thu Jan 23 06:52:12 PST 2020; root:xnu-4903.278.25~1/RELEASE_X86_64 x86_64
rlimit: STACK 8192k, CORE 0k, NPROC 1418, NOFILE 10240, AS infinity
load average:13.34 12.52 13.20

CPU:total 8 (initial active 8) (4 cores per cpu, 2 threads per core) family 6 model 70 stepping 1, cmov, cx8, fxsr, mmx, sse, sse2, sse3, ssse3, sse4.1, sse4.2, popcnt, avx, avx2, aes, clmul, erms, lzcnt, ht, tsc, tscinvbit, bmi1, bmi2

Memory: 4k page, physical 16777216k(21988k free)

/proc/meminfo:


vm_info: Java HotSpot(TM) 64-Bit Server VM (25.221-b11) for bsd-amd64 JRE (1.8.0_221-b11), built on Jul  4 2019 04:36:22 by "java_re" with gcc 4.2.1 (Based on Apple Inc. build 5658) (LLVM build 2336.11.00)

time: Thu May 14 11:02:18 2020
timezone: KST
elapsed time: 474 seconds (0d 0h 7m 54s)

